<?xml version="1.0" encoding="UTF-8"?>
<robot generator="Robot 7.2.2 (Python 3.12.8 on win32)" generated="2025-03-10T15:42:58.460555" rpa="false" schemaversion="5">
<suite id="s1" name="Login" source="C:\Users\sudar\PycharmProjects\robotest\Testcases\login.robot">
<test id="s1-t1" name="Login to ParaBank" line="10">
<kw name="Evaluate" owner="BuiltIn">
<msg time="2025-03-10T15:42:58.653548" level="INFO">${options} = &lt;selenium.webdriver.chrome.options.Options object at 0x0000021FCE73AA20&gt;</msg>
<var>${options}</var>
<arg>sys.modules['selenium.webdriver'].ChromeOptions()</arg>
<arg>sys, selenium.webdriver</arg>
<doc>Evaluates the given expression in Python and returns the result.</doc>
<status status="PASS" start="2025-03-10T15:42:58.653548" elapsed="0.000000"/>
</kw>
<kw name="Call Method" owner="BuiltIn">
<arg>${options}</arg>
<arg>add_argument</arg>
<arg>--start-maximized</arg>
<doc>Calls the named method of the given object with the provided arguments.</doc>
<status status="PASS" start="2025-03-10T15:42:58.653548" elapsed="0.000000"/>
</kw>
<kw name="Create Webdriver" owner="SeleniumLibrary">
<msg time="2025-03-10T15:42:58.653548" level="INFO">Creating an instance of the Chrome WebDriver.</msg>
<arg>Chrome</arg>
<arg>options=${options}</arg>
<doc>Creates an instance of Selenium WebDriver.</doc>
<status status="PASS" start="2025-03-10T15:42:58.653548" elapsed="1.342922"/>
</kw>
<kw name="Go To" owner="SeleniumLibrary">
<msg time="2025-03-10T15:42:59.996470" level="INFO">Opening url 'https://parabank.parasoft.com/'</msg>
<arg>${URL}</arg>
<doc>Navigates the current browser window to the provided ``url``.</doc>
<status status="PASS" start="2025-03-10T15:42:59.996470" elapsed="2.258932"/>
</kw>
<kw name="Input Text" owner="SeleniumLibrary">
<msg time="2025-03-10T15:43:02.257170" level="INFO">Typing text 'siva.aurum' into text field 'name=username'.</msg>
<arg>name=username</arg>
<arg>siva.aurum</arg>
<doc>Types the given ``text`` into the text field identified by ``locator``.</doc>
<status status="PASS" start="2025-03-10T15:43:02.256037" elapsed="0.111835"/>
</kw>
<kw name="Input Text" owner="SeleniumLibrary">
<msg time="2025-03-10T15:43:02.369105" level="INFO">Typing text 'Siva123_' into text field 'name=password'.</msg>
<arg>name=password</arg>
<arg>Siva123_</arg>
<doc>Types the given ``text`` into the text field identified by ``locator``.</doc>
<status status="PASS" start="2025-03-10T15:43:02.369105" elapsed="0.087570"/>
</kw>
<kw name="Click Button" owner="SeleniumLibrary">
<msg time="2025-03-10T15:43:02.457676" level="INFO">Clicking button 'xpath=/html/body/div[1]/div[3]/div[1]/div/form/div[3]/input'.</msg>
<arg>xpath=/html/body/div[1]/div[3]/div[1]/div/form/div[3]/input</arg>
<doc>Clicks the button identified by ``locator``.</doc>
<status status="PASS" start="2025-03-10T15:43:02.457676" elapsed="1.070096"/>
</kw>
<kw name="Wait Until Element Is Visible" owner="SeleniumLibrary">
<arg>xpath=//h1[contains(text(),'Accounts Overview')]</arg>
<arg>10s</arg>
<doc>Waits until the element ``locator`` is visible.</doc>
<status status="PASS" start="2025-03-10T15:43:03.528803" elapsed="0.156962"/>
</kw>
<kw name="Capture Page Screenshot" owner="SeleniumLibrary">
<msg time="2025-03-10T15:43:03.801549" level="INFO" html="true">&lt;/td&gt;&lt;/tr&gt;&lt;tr&gt;&lt;td colspan="3"&gt;&lt;a href="selenium-screenshot-4.png"&gt;&lt;img src="selenium-screenshot-4.png" width="800px"&gt;&lt;/a&gt;</msg>
<doc>Takes a screenshot of the current page and embeds it into a log file.</doc>
<status status="PASS" start="2025-03-10T15:43:03.685765" elapsed="0.115784"/>
</kw>
<kw name="Close Browser" owner="SeleniumLibrary">
<doc>Closes the current browser.</doc>
<status status="PASS" start="2025-03-10T15:43:03.802655" elapsed="2.259999"/>
</kw>
<status status="PASS" start="2025-03-10T15:42:58.653548" elapsed="7.409106"/>
</test>
<status status="PASS" start="2025-03-10T15:42:58.463725" elapsed="7.598929"/>
</suite>
<statistics>
<total>
<stat pass="1" fail="0" skip="0">All Tests</stat>
</total>
<tag>
</tag>
<suite>
<stat name="Login" id="s1" pass="1" fail="0" skip="0">Login</stat>
</suite>
</statistics>
<errors>
</errors>
</robot>
