<?xml version="1.0" encoding="UTF-8"?>
<robot generator="Robot 7.2.2 (Python 3.12.8 on win32)" generated="2025-03-10T10:30:28.594858" rpa="false" schemaversion="5">
<suite id="s1" name="Register" source="C:\Users\sudar\PycharmProjects\robotest\Testcases\register.robot">
<test id="s1-t1" name="TC#1_Register new account" line="9">
<kw name="Open Browser" owner="SeleniumLibrary">
<msg time="2025-03-10T10:30:29.079741" level="INFO">Opening browser 'firefox' to base url 'https://parabank.parasoft.com/ chrome'.</msg>
<arg>${URL} ${BROWSER}</arg>
<doc>Opens a new browser instance to the optional ``url``.</doc>
<status status="PASS" start="2025-03-10T10:30:29.079741" elapsed="114.481165"/>
</kw>
<status status="PASS" start="2025-03-10T10:30:29.071019" elapsed="114.489887"/>
</test>
<status status="PASS" start="2025-03-10T10:30:28.594858" elapsed="114.966048"/>
</suite>
<statistics>
<total>
<stat pass="1" fail="0" skip="0">All Tests</stat>
</total>
<tag>
</tag>
<suite>
<stat name="Register" id="s1" pass="1" fail="0" skip="0">Register</stat>
</suite>
</statistics>
<errors>
</errors>
</robot>
